Loaded 9 structures from ../data/zr-w-v-ti-cr/gen_0_2024-11-06/gen_1_2024-11-07_split_configs/gen_1_2024-11-07_initial_configs_part2.xyz
Running committee mace with 5 models
Running MD for structure 0 at 2000K
MD finished in 2.32 minutes!
Running committee mace with 5 models
Running MD for structure 1 at 2000K
MD finished in 2.28 minutes!
Running committee mace with 5 models
Skipping /home/myless/Packages/al_mlip_repo/scripts/../data/zr-w-v-ti-cr/gen_0_2024-11-06/md_frames/gen_0_idx-2_comp-Cr11Ti10V99W2Zr2_temp-2000_md.xyz - file already exists
Running committee mace with 5 models
Running MD for structure 3 at 2000K
MD finished in 2.28 minutes!
Running committee mace with 5 models
Running MD for structure 4 at 2000K
MD finished in 2.29 minutes!
Running committee mace with 5 models
Running MD for structure 5 at 2000K
MD finished in 2.30 minutes!
Running committee mace with 5 models
Running MD for structure 6 at 2000K
MD finished in 2.29 minutes!
Running committee mace with 5 models
Running MD for structure 7 at 2000K
MD finished in 2.29 minutes!
Running committee mace with 5 models
Running MD for structure 8 at 2000K
MD finished in 2.29 minutes!
Running committee mace with 5 models
Running MD for structure 0 at 3000K
MD finished in 2.26 minutes!
Running committee mace with 5 models
Running MD for structure 1 at 3000K
MD finished in 2.25 minutes!
Running committee mace with 5 models
Skipping /home/myless/Packages/al_mlip_repo/scripts/../data/zr-w-v-ti-cr/gen_0_2024-11-06/md_frames/gen_0_idx-2_comp-Cr11Ti10V99W2Zr2_temp-3000_md.xyz - file already exists
Running committee mace with 5 models
Skipping /home/myless/Packages/al_mlip_repo/scripts/../data/zr-w-v-ti-cr/gen_0_2024-11-06/md_frames/gen_0_idx-3_comp-Cr6Ti9V100WZr8_temp-3000_md.xyz - file already exists
Running committee mace with 5 models
Running MD for structure 4 at 3000K
MD finished in 2.26 minutes!
Running committee mace with 5 models
Running MD for structure 5 at 3000K
MD finished in 2.26 minutes!
Running committee mace with 5 models
Running MD for structure 6 at 3000K
MD finished in 2.26 minutes!
Running committee mace with 5 models
Running MD for structure 7 at 3000K
MD finished in 2.25 minutes!
Running committee mace with 5 models
Running MD for structure 8 at 3000K
MD finished in 2.25 minutes!
