Loaded 9 structures from ../data/zr-w-v-ti-cr/gen_3_2024-11-11/gen_3_2024-11-11_initial_configs_part8.xyz
Running committee mace with 3 models
Running MD for structure 0 at 1000K
MD finished in 1.31 minutes!
Running committee mace with 3 models
Running MD for structure 1 at 1000K
MD finished in 1.28 minutes!
Running committee mace with 3 models
Running MD for structure 2 at 1000K
MD finished in 1.27 minutes!
Running committee mace with 3 models
Running MD for structure 3 at 1000K
MD finished in 1.27 minutes!
Running committee mace with 3 models
Running MD for structure 4 at 1000K
MD finished in 1.27 minutes!
Running committee mace with 3 models
Running MD for structure 5 at 1000K
MD finished in 1.27 minutes!
Running committee mace with 3 models
Running MD for structure 6 at 1000K
MD finished in 1.28 minutes!
Running committee mace with 3 models
Running MD for structure 7 at 1000K
MD finished in 1.27 minutes!
Running committee mace with 3 models
Skipping /home/myless/Packages/al_mlip_repo/scripts/../data/zr-w-v-ti-cr/gen_3_2024-11-10/md_frames/gen_0_idx-8_comp-Cr8Ti2V107W4Zr3_temp-1000_md.xyz - file already exists
Running committee mace with 3 models
Running MD for structure 0 at 2000K
MD finished in 1.26 minutes!
Running committee mace with 3 models
Running MD for structure 1 at 2000K
MD finished in 1.27 minutes!
Running committee mace with 3 models
Running MD for structure 2 at 2000K
MD finished in 1.27 minutes!
Running committee mace with 3 models
Running MD for structure 3 at 2000K
MD finished in 1.27 minutes!
Running committee mace with 3 models
Running MD for structure 4 at 2000K
MD finished in 1.27 minutes!
Running committee mace with 3 models
Running MD for structure 5 at 2000K
MD finished in 1.27 minutes!
Running committee mace with 3 models
Running MD for structure 6 at 2000K
MD finished in 1.27 minutes!
Running committee mace with 3 models
Running MD for structure 7 at 2000K
MD finished in 1.28 minutes!
Running committee mace with 3 models
Skipping /home/myless/Packages/al_mlip_repo/scripts/../data/zr-w-v-ti-cr/gen_3_2024-11-10/md_frames/gen_0_idx-8_comp-Cr8Ti2V107W4Zr3_temp-2000_md.xyz - file already exists
Running committee mace with 3 models
Running MD for structure 0 at 3000K
MD finished in 1.26 minutes!
Running committee mace with 3 models
Running MD for structure 1 at 3000K
MD finished in 1.27 minutes!
Running committee mace with 3 models
Running MD for structure 2 at 3000K
MD finished in 1.27 minutes!
Running committee mace with 3 models
Running MD for structure 3 at 3000K
MD finished in 1.27 minutes!
Running committee mace with 3 models
Running MD for structure 4 at 3000K
MD finished in 1.28 minutes!
Running committee mace with 3 models
Running MD for structure 5 at 3000K
MD finished in 1.27 minutes!
Running committee mace with 3 models
Running MD for structure 6 at 3000K
MD finished in 1.14 minutes!
Running committee mace with 3 models
Running MD for structure 7 at 3000K
MD finished in 1.27 minutes!
Running committee mace with 3 models
Skipping /home/myless/Packages/al_mlip_repo/scripts/../data/zr-w-v-ti-cr/gen_3_2024-11-10/md_frames/gen_0_idx-8_comp-Cr8Ti2V107W4Zr3_temp-3000_md.xyz - file already exists
