Loaded 9 structures from ../data/zr-w-v-ti-cr/gen_0_2024-11-06/gen_1_2024-11-07_split_configs/gen_1_2024-11-07_initial_configs_part0.xyz
Running committee mace with 5 models
Skipping /home/myless/Packages/al_mlip_repo/scripts/../data/zr-w-v-ti-cr/gen_0_2024-11-06/md_frames/gen_0_idx-0_comp-Cr11Ti6V100W4Zr3_temp-2000_md.xyz - file already exists
Running committee mace with 5 models
Skipping /home/myless/Packages/al_mlip_repo/scripts/../data/zr-w-v-ti-cr/gen_0_2024-11-06/md_frames/gen_0_idx-1_comp-Cr6Ti9V100WZr8_temp-2000_md.xyz - file already exists
Running committee mace with 5 models
Skipping /home/myless/Packages/al_mlip_repo/scripts/../data/zr-w-v-ti-cr/gen_0_2024-11-06/md_frames/gen_0_idx-2_comp-V124_temp-2000_md.xyz - file already exists
Running committee mace with 5 models
Skipping /home/myless/Packages/al_mlip_repo/scripts/../data/zr-w-v-ti-cr/gen_0_2024-11-06/md_frames/gen_0_idx-3_comp-Cr8Ti2V107W4Zr3_temp-2000_md.xyz - file already exists
Running committee mace with 5 models
Skipping /home/myless/Packages/al_mlip_repo/scripts/../data/zr-w-v-ti-cr/gen_0_2024-11-06/md_frames/gen_0_idx-4_comp-CrTi2V101W4Zr16_temp-2000_md.xyz - file already exists
Running committee mace with 5 models
Skipping /home/myless/Packages/al_mlip_repo/scripts/../data/zr-w-v-ti-cr/gen_0_2024-11-06/md_frames/gen_0_idx-5_comp-CrTi2V101W4Zr16_temp-2000_md.xyz - file already exists
Running committee mace with 5 models
Skipping /home/myless/Packages/al_mlip_repo/scripts/../data/zr-w-v-ti-cr/gen_0_2024-11-06/md_frames/gen_0_idx-6_comp-Ti3V109W5Zr7_temp-2000_md.xyz - file already exists
Running committee mace with 5 models
Skipping /home/myless/Packages/al_mlip_repo/scripts/../data/zr-w-v-ti-cr/gen_0_2024-11-06/md_frames/gen_0_idx-7_comp-Cr2Ti3V108W7Zr4_temp-2000_md.xyz - file already exists
Running committee mace with 5 models
Running MD for structure 8 at 2000K
MD finished in 2.04 minutes!
Running committee mace with 5 models
Running MD for structure 0 at 3000K
MD finished in 2.01 minutes!
Running committee mace with 5 models
Running MD for structure 1 at 3000K
MD finished in 2.00 minutes!
Running committee mace with 5 models
Running MD for structure 2 at 3000K
MD finished in 2.00 minutes!
Running committee mace with 5 models
Running MD for structure 3 at 3000K
MD finished in 1.87 minutes!
Running committee mace with 5 models
Running MD for structure 4 at 3000K
MD finished in 1.86 minutes!
Running committee mace with 5 models
Running MD for structure 5 at 3000K
MD finished in 1.99 minutes!
Running committee mace with 5 models
Running MD for structure 6 at 3000K
MD finished in 1.99 minutes!
Running committee mace with 5 models
Running MD for structure 7 at 3000K
MD finished in 1.99 minutes!
Running committee mace with 5 models
Running MD for structure 8 at 3000K
MD finished in 1.98 minutes!
